C:\work_dev\ares\AWE\ARES_AWE_02\audio\simulink\OpenJADE\out\preamp1\slx\code\BasicAudio_Target_ert_shrlib_rtw\BasicAudio_Target.o
C:\work_dev\ares\AWE\ARES_AWE_02\audio\simulink\OpenJADE\out\preamp1\slx\code\BasicAudio_Target_ert_shrlib_rtw\BasicAudio_Target_BasicAudio0_TOP.o
C:\work_dev\ares\AWE\ARES_AWE_02\audio\simulink\OpenJADE\out\preamp1\slx\code\BasicAudio_Target_ert_shrlib_rtw\BasicAudio_Target_RTC_NTF.o
C:\work_dev\ares\AWE\ARES_AWE_02\audio\simulink\OpenJADE\out\preamp1\slx\code\BasicAudio_Target_ert_shrlib_rtw\BasicAudio_Target_RTC_REQ_RSP.o
C:\work_dev\ares\AWE\ARES_AWE_02\audio\simulink\OpenJADE\out\preamp1\slx\code\BasicAudio_Target_ert_shrlib_rtw\BasicAudio_Target_SCH_API.o
C:\work_dev\ares\AWE\ARES_AWE_02\audio\simulink\OpenJADE\out\preamp1\slx\code\BasicAudio_Target_ert_shrlib_rtw\BasicAudio_Target_StructStaticInit.o
C:\work_dev\ares\AWE\ARES_AWE_02\audio\simulink\OpenJADE\out\preamp1\slx\code\BasicAudio_Target_ert_shrlib_rtw\BasicAudio_Target_TOP_Access.o
C:\work_dev\ares\AWE\ARES_AWE_02\audio\simulink\OpenJADE\out\preamp1\slx\code\BasicAudio_Target_ert_shrlib_rtw\BasicAudio_Target_TalariaAPI.o
C:\work_dev\ares\AWE\ARES_AWE_02\audio\simulink\OpenJADE\out\preamp1\slx\code\BasicAudio_Target_ert_shrlib_rtw\BasicAudio_Target_data.o
C:\work_dev\ares\AWE\ARES_AWE_02\audio\simulink\OpenJADE\out\preamp1\x86\obj\Runtime\Baf\BAF.o
C:\work_dev\ares\AWE\ARES_AWE_02\audio\simulink\OpenJADE\out\preamp1\x86\obj\Runtime\Baf\Module.o
C:\work_dev\ares\AWE\ARES_AWE_02\audio\simulink\OpenJADE\out\preamp1\x86\obj\Runtime\Baf\Port.o
C:\work_dev\ares\AWE\ARES_AWE_02\audio\simulink\OpenJADE\out\preamp1\x86\obj\Runtime\Baf\Ports.o
C:\work_dev\ares\AWE\ARES_AWE_02\audio\simulink\OpenJADE\out\preamp1\x86\obj\Runtime\Baf\JFramework.o
C:\work_dev\ares\AWE\ARES_AWE_02\audio\simulink\OpenJADE\out\preamp1\x86\obj\Runtime\Baf\Process.o
C:\work_dev\ares\AWE\ARES_AWE_02\audio\simulink\OpenJADE\out\preamp1\x86\obj\Runtime\Baf\Framework_Builder.o
C:\work_dev\ares\AWE\ARES_AWE_02\audio\simulink\OpenJADE\out\preamp1\x86\obj\Runtime\Baf\Heap.o
C:\work_dev\ares\AWE\ARES_AWE_02\audio\simulink\OpenJADE\out\preamp1\x86\obj\Runtime\Baf\JModule.o
C:\work_dev\ares\AWE\ARES_AWE_02\audio\simulink\OpenJADE\out\preamp1\x86\obj\Runtime\Baf\JModule_Context.o
C:\work_dev\ares\AWE\ARES_AWE_02\audio\simulink\OpenJADE\out\preamp1\x86\obj\Runtime\Baf\Process_Context.o
C:\work_dev\ares\AWE\ARES_AWE_02\audio\simulink\OpenJADE\out\preamp1\x86\obj\Runtime\Baf\Error.o
C:\work_dev\ares\AWE\ARES_AWE_02\audio\simulink\OpenJADE\out\preamp1\x86\obj\Runtime\Baf\ProbePoint.o
C:\work_dev\ares\AWE\ARES_AWE_02\audio\simulink\OpenJADE\out\preamp1\x86\obj\Runtime\Baf\Logger.o
C:\work_dev\ares\AWE\ARES_AWE_02\audio\simulink\OpenJADE\out\preamp1\x86\src\Baf\Baf\JModule_Lib\JModule_List.o
C:\work_dev\ares\AWE\ARES_AWE_02\audio\simulink\OpenJADE\out\preamp1\x86\src\Baf\Baf\Audio_Graph\Audio_Graph.o
